Base path: C:/Program Files/Unity/Editor/Data
Pipe name: \\.\pipe\UnityShaderCompiler-64bit-1-7280
Cmd: getPlatforms
Cmd: preprocess
  insize=1563 outsize=691 ok=1
Cmd: compileSnippet
  api=4 type=0 insize=1171 outsize=1209 kw= pd= ok=1
Cmd: compileSnippet
  api=4 type=1 insize=1171 outsize=1794 kw= pd= ok=1
Cmd: preprocess
  insize=2021 outsize=695 ok=1
Cmd: compileSnippet
  api=4 type=0 insize=1627 outsize=1209 kw= pd= ok=1
Cmd: compileSnippet
  api=4 type=1 insize=1627 outsize=4564 kw= pd= ok=1
Cmd: preprocess
  insize=3359 outsize=752 ok=1
Cmd: compileSnippet
  api=4 type=0 insize=2908 outsize=1209 kw= pd= ok=1
Cmd: compileSnippet
  api=4 type=1 insize=2908 outsize=7749 kw= pd= ok=1
Cmd: preprocess
  insize=2720 outsize=663 ok=1
Cmd: compileSnippet
  api=4 type=0 insize=2357 outsize=1209 kw= pd= ok=1
Cmd: compileSnippet
  api=4 type=1 insize=2357 outsize=2996 kw= pd= ok=1
Cmd: preprocess
  insize=2731 outsize=808 ok=1
Cmd: compileSnippet
  api=4 type=0 insize=2224 outsize=1518 kw= pd= ok=1
Cmd: compileSnippet
  api=4 type=1 insize=2224 outsize=5986 kw= pd= ok=1
Cmd: preprocess
  insize=1200 outsize=603 ok=1
Cmd: compileSnippet
  api=4 type=0 insize=896 outsize=1209 kw= pd= ok=1
Cmd: compileSnippet
  api=4 type=1 insize=896 outsize=933 kw= pd= ok=1
Cmd: preprocess
  insize=1332 outsize=659 ok=1
Cmd: compileSnippet
  api=4 type=0 insize=972 outsize=1209 kw= pd= ok=1
Cmd: compileSnippet
  api=4 type=1 insize=972 outsize=1095 kw= pd= ok=1
Cmd: preprocess
  insize=3111 outsize=712 ok=1
Cmd: compileSnippet
  api=4 type=0 insize=2700 outsize=1209 kw= pd= ok=1
Cmd: compileSnippet
  api=4 type=1 insize=2700 outsize=7221 kw= pd= ok=1
Cmd: preprocess
  insize=1372 outsize=733 ok=1
Cmd: compileSnippet
  api=4 type=0 insize=938 outsize=1209 kw= pd= ok=1
Cmd: compileSnippet
  api=4 type=1 insize=938 outsize=1128 kw= pd= ok=1
Cmd: preprocess
  insize=1367 outsize=728 ok=1
Cmd: preprocess
  insize=2057 outsize=656 ok=1
Cmd: compileSnippet
  api=4 type=0 insize=1699 outsize=1209 kw= pd= ok=1
Cmd: compileSnippet
  api=4 type=1 insize=1699 outsize=1217 kw= pd= ok=1
Cmd: preprocess
  insize=2124 outsize=876 ok=1
Cmd: compileSnippet
  api=4 type=0 insize=1547 outsize=1209 kw= pd= ok=1
Cmd: compileSnippet
  api=4 type=1 insize=1547 outsize=3264 kw= pd= ok=1
Cmd: preprocess
  insize=1721 outsize=788 ok=1
Cmd: compileSnippet
  api=4 type=0 insize=1232 outsize=1209 kw= pd= ok=1
Cmd: compileSnippet
  api=4 type=1 insize=1232 outsize=1509 kw= pd= ok=1
Cmd: preprocess
  insize=1944 outsize=796 ok=1
Cmd: compileSnippet
  api=4 type=0 insize=1447 outsize=1209 kw= pd= ok=1
Cmd: compileSnippet
  api=4 type=1 insize=1447 outsize=2785 kw= pd= ok=1
Cmd: preprocess
  insize=2375 outsize=1001 ok=1
Cmd: compileSnippet
  api=4 type=0 insize=1675 outsize=1209 kw= pd= ok=1
Cmd: compileSnippet
  api=4 type=1 insize=1675 outsize=4174 kw= pd= ok=1
Cmd: preprocess
  insize=2025 outsize=659 ok=1
Cmd: compileSnippet
  api=4 type=0 insize=1665 outsize=1209 kw= pd= ok=1
Cmd: compileSnippet
  api=4 type=1 insize=1665 outsize=2151 kw= pd= ok=1
Cmd: preprocess
  insize=1925 outsize=757 ok=1
Cmd: compileSnippet
  api=4 type=0 insize=1469 outsize=1209 kw= pd= ok=1
Cmd: compileSnippet
  api=4 type=1 insize=1469 outsize=1818 kw= pd= ok=1
Cmd: preprocess
  insize=1456 outsize=656 ok=1
Cmd: compileSnippet
  api=4 type=0 insize=1099 outsize=1209 kw= pd= ok=1
Cmd: compileSnippet
  api=4 type=1 insize=1099 outsize=1249 kw= pd= ok=1
Cmd: preprocess
  insize=2816 outsize=725 ok=1
Cmd: compileSnippet
  api=4 type=0 insize=2392 outsize=1209 kw= pd= ok=1
Cmd: compileSnippet
  api=4 type=1 insize=2392 outsize=9147 kw= pd= ok=1
Cmd: preprocess
  insize=1360 outsize=667 ok=1
Cmd: compileSnippet
  api=4 type=0 insize=992 outsize=1209 kw= pd= ok=1
Cmd: compileSnippet
  api=4 type=1 insize=992 outsize=1136 kw= pd= ok=1
Cmd: preprocess
  insize=2738 outsize=812 ok=1
Cmd: compileSnippet
  api=4 type=0 insize=2225 outsize=1518 kw= pd= ok=1
Cmd: compileSnippet
  api=4 type=1 insize=2225 outsize=5994 kw= pd= ok=1
Cmd: preprocess
  insize=2184 outsize=661 ok=1
Cmd: compileSnippet
  api=4 type=0 insize=1822 outsize=1209 kw= pd= ok=1
Cmd: compileSnippet
  api=4 type=1 insize=1822 outsize=2728 kw= pd= ok=1
Cmd: preprocess
  insize=1500 outsize=752 ok=1
Cmd: compileSnippet
  api=4 type=0 insize=1047 outsize=1209 kw= pd= ok=1
Cmd: compileSnippet
  api=4 type=1 insize=1047 outsize=916 kw= pd= ok=1
Cmd: preprocess
  insize=1853 outsize=814 ok=1
Cmd: compileSnippet
  api=4 type=0 insize=1338 outsize=1209 kw= pd= ok=1
Cmd: compileSnippet
  api=4 type=1 insize=1338 outsize=2354 kw= pd= ok=1
Cmd: preprocess
  insize=1968 outsize=658 ok=1
Cmd: compileSnippet
  api=4 type=0 insize=1608 outsize=1209 kw= pd= ok=1
Cmd: compileSnippet
  api=4 type=1 insize=1608 outsize=1323 kw= pd= ok=1
Cmd: preprocess
  insize=1873 outsize=659 ok=1
Cmd: compileSnippet
  api=4 type=0 insize=1513 outsize=1209 kw= pd= ok=1
Cmd: compileSnippet
  api=4 type=1 insize=1513 outsize=2549 kw= pd= ok=1
Cmd: preprocess
  insize=1475 outsize=663 ok=1
Cmd: compileSnippet
  api=4 type=0 insize=1110 outsize=1209 kw= pd= ok=1
Cmd: compileSnippet
  api=4 type=1 insize=1110 outsize=1404 kw= pd= ok=1
Cmd: preprocess
  insize=1768 outsize=657 ok=1
Cmd: compileSnippet
  api=4 type=0 insize=1410 outsize=1209 kw= pd= ok=1
Cmd: compileSnippet
  api=4 type=1 insize=1410 outsize=2322 kw= pd= ok=1
Cmd: preprocess
  insize=1342 outsize=648 ok=1
Cmd: compileSnippet
  api=4 type=0 insize=993 outsize=1209 kw= pd= ok=1
Cmd: compileSnippet
  api=4 type=1 insize=993 outsize=1160 kw= pd= ok=1
Cmd: preprocess
  insize=2375 outsize=1005 ok=1
Cmd: compileSnippet
  api=4 type=0 insize=1671 outsize=1209 kw= pd= ok=1
Cmd: compileSnippet
  api=4 type=1 insize=1671 outsize=4207 kw= pd= ok=1
Cmd: preprocess
  insize=1376 outsize=660 ok=1
Cmd: compileSnippet
  api=4 type=0 insize=1015 outsize=1209 kw= pd= ok=1
Cmd: compileSnippet
  api=4 type=1 insize=1015 outsize=1136 kw= pd= ok=1
Cmd: preprocess
  insize=2327 outsize=767 ok=1
Cmd: compileSnippet
  api=4 type=0 insize=1861 outsize=1209 kw= pd= ok=1
Cmd: compileSnippet
  api=4 type=1 insize=1861 outsize=5905 kw= pd= ok=1
Cmd: preprocess
  insize=1272 outsize=647 ok=1
Cmd: compileSnippet
  api=4 type=0 insize=924 outsize=1209 kw= pd= ok=1
Cmd: compileSnippet
  api=4 type=1 insize=924 outsize=884 kw= pd= ok=1
Cmd: preprocess
  insize=2317 outsize=791 ok=1
Cmd: compileSnippet
  api=4 type=0 insize=1827 outsize=1209 kw= pd= ok=1
Cmd: compileSnippet
  api=4 type=1 insize=1827 outsize=3370 kw= pd= ok=1
Cmd: preprocess
  insize=1623 outsize=696 ok=1
Cmd: compileSnippet
  api=4 type=0 insize=1225 outsize=1209 kw= pd= ok=1
Cmd: compileSnippet
  api=4 type=1 insize=1225 outsize=1891 kw= pd= ok=1
Cmd: preprocess
  insize=2188 outsize=723 ok=1
Cmd: compileSnippet
  api=4 type=0 insize=1765 outsize=1209 kw= pd= ok=1
Cmd: compileSnippet
  api=4 type=1 insize=1765 outsize=2655 kw= pd= ok=1
Cmd: preprocess
  insize=1596 outsize=854 ok=1
Cmd: compileSnippet
  api=4 type=0 insize=1041 outsize=1680 kw= pd= ok=1
Cmd: compileSnippet
  api=4 type=1 insize=1041 outsize=933 kw= pd= ok=1
Cmd: preprocess
  insize=2007 outsize=708 ok=1
Cmd: compileSnippet
  api=4 type=0 insize=1598 outsize=1209 kw= pd= ok=1
Cmd: compileSnippet
  api=4 type=1 insize=1598 outsize=3021 kw= pd= ok=1
Cmd: preprocess
  insize=2474 outsize=859 ok=1
Cmd: compileSnippet
  api=4 type=0 insize=1916 outsize=1209 kw= pd= ok=1
Cmd: compileSnippet
  api=4 type=1 insize=1916 outsize=3459 kw= pd= ok=1
Cmd: preprocess
  insize=2216 outsize=1010 ok=1
Cmd: compileSnippet
  api=4 type=0 insize=1507 outsize=1209 kw= pd= ok=1
Cmd: compileSnippet
  api=4 type=1 insize=1507 outsize=4434 kw= pd= ok=1
Cmd: preprocess
  insize=2211 outsize=769 ok=1
Cmd: compileSnippet
  api=4 type=0 insize=1742 outsize=1209 kw= pd= ok=1
Cmd: compileSnippet
  api=4 type=1 insize=1742 outsize=3191 kw= pd= ok=1
Cmd: preprocess
  insize=1529 outsize=808 ok=1
Cmd: compileSnippet
  api=4 type=0 insize=1020 outsize=1209 kw= pd= ok=1
Cmd: compileSnippet
  api=4 type=1 insize=1020 outsize=1201 kw= pd= ok=1
Cmd: preprocess
  insize=1534 outsize=690 ok=1
Cmd: compileSnippet
  api=4 type=0 insize=1143 outsize=1209 kw= pd= ok=1
Cmd: compileSnippet
  api=4 type=1 insize=1143 outsize=1664 kw= pd= ok=1
Cmd: preprocess
  insize=2172 outsize=880 ok=1
Cmd: compileSnippet
  api=4 type=0 insize=1593 outsize=1209 kw= pd= ok=1
Cmd: compileSnippet
  api=4 type=1 insize=1593 outsize=3175 kw= pd= ok=1
Cmd: preprocess
  insize=2289 outsize=655 ok=1
Cmd: compileSnippet
  api=4 type=0 insize=1933 outsize=1209 kw= pd= ok=1
Cmd: compileSnippet
  api=4 type=1 insize=1933 outsize=2988 kw= pd= ok=1
Cmd: preprocess
  insize=1884 outsize=666 ok=1
Cmd: compileSnippet
  api=4 type=0 insize=1519 outsize=1209 kw= pd= ok=1
Cmd: compileSnippet
  api=4 type=1 insize=1519 outsize=2598 kw= pd= ok=1
Cmd: preprocess
  insize=2073 outsize=758 ok=1
Cmd: compileSnippet
  api=4 type=0 insize=1616 outsize=1209 kw= pd= ok=1
Cmd: compileSnippet
  api=4 type=1 insize=1616 outsize=2476 kw= pd= ok=1
Cmd: preprocess
  insize=2045 outsize=736 ok=1
Cmd: compileSnippet
  api=4 type=0 insize=1610 outsize=1209 kw= pd= ok=1
Cmd: compileSnippet
  api=4 type=1 insize=1610 outsize=4288 kw= pd= ok=1
Cmd: preprocess
  insize=2194 outsize=877 ok=1
Cmd: compileSnippet
  api=4 type=0 insize=1618 outsize=1209 kw= pd= ok=1
Cmd: compileSnippet
  api=4 type=1 insize=1618 outsize=3264 kw= pd= ok=1
Cmd: preprocess
  insize=2475 outsize=1004 ok=1
Cmd: compileSnippet
  api=4 type=0 insize=1772 outsize=1209 kw= pd= ok=1
Cmd: compileSnippet
  api=4 type=1 insize=1772 outsize=4451 kw= pd= ok=1
Cmd: preprocess
  insize=2283 outsize=658 ok=1
Cmd: compileSnippet
  api=4 type=0 insize=1926 outsize=1209 kw= pd= ok=1
Cmd: compileSnippet
  api=4 type=1 insize=1926 outsize=3923 kw= pd= ok=1
Cmd: preprocess
  insize=1762 outsize=704 ok=1
Cmd: compileSnippet
  api=4 type=0 insize=1357 outsize=1209 kw= pd= ok=1
Cmd: compileSnippet
  api=4 type=1 insize=1357 outsize=1916 kw= pd= ok=1
Cmd: preprocess
  insize=1997 outsize=820 ok=1
Cmd: compileSnippet
  api=4 type=0 insize=1476 outsize=1209 kw= pd= ok=1
Cmd: compileSnippet
  api=4 type=1 insize=1476 outsize=2460 kw= pd= ok=1
Cmd: preprocess
  insize=1595 outsize=772 ok=1
Cmd: compileSnippet
  api=4 type=0 insize=1122 outsize=1209 kw= pd= ok=1
Cmd: compileSnippet
  api=4 type=1 insize=1122 outsize=1323 kw= pd= ok=1
Cmd: preprocess
  insize=2461 outsize=795 ok=1
Cmd: compileSnippet
  api=4 type=0 insize=1967 outsize=1209 kw= pd= ok=1
Cmd: compileSnippet
  api=4 type=1 insize=1967 outsize=3719 kw= pd= ok=1
Cmd: preprocess
  insize=2282 outsize=621 ok=1
Cmd: compileSnippet
  api=4 type=0 insize=1961 outsize=1209 kw= pd= ok=1
Cmd: compileSnippet
  api=4 type=1 insize=1961 outsize=4711 kw= pd= ok=1
Cmd: preprocess
  insize=3023 outsize=661 ok=1
Cmd: compileSnippet
  api=4 type=0 insize=2663 outsize=1209 kw= pd= ok=1
Cmd: compileSnippet
  api=4 type=1 insize=2663 outsize=3955 kw= pd= ok=1
Cmd: preprocess
  insize=3105 outsize=726 ok=1
Cmd: compileSnippet
  api=4 type=0 insize=2680 outsize=1209 kw= pd= ok=1
Cmd: compileSnippet
  api=4 type=1 insize=2680 outsize=7221 kw= pd= ok=1
Cmd: preprocess
  insize=2214 outsize=1014 ok=1
Cmd: compileSnippet
  api=4 type=0 insize=1501 outsize=1209 kw= pd= ok=1
Cmd: compileSnippet
  api=4 type=1 insize=1501 outsize=3598 kw= pd= ok=1
Cmd: preprocess
  insize=3390 outsize=765 ok=1
Cmd: compileSnippet
  api=4 type=0 insize=2925 outsize=1209 kw= pd= ok=1
Cmd: compileSnippet
  error: 1 plat 4 at (113): array reference cannot be used as an l-value; not natively addressable, forcing loop to unroll\nCompiling Fragment program
  api=4 type=1 insize=2925 outsize=8099 kw= pd= ok=1
Cmd: preprocess
  insize=3063 outsize=659 ok=1
Cmd: compileSnippet
  api=4 type=0 insize=2705 outsize=1209 kw= pd= ok=1
Cmd: compileSnippet
  api=4 type=1 insize=2705 outsize=3858 kw= pd= ok=1
Cmd: preprocess
  insize=3023 outsize=659 ok=1
Cmd: compileSnippet
  api=4 type=0 insize=2665 outsize=1209 kw= pd= ok=1
Cmd: compileSnippet
  api=4 type=1 insize=2665 outsize=4101 kw= pd= ok=1
Cmd: preprocess
  insize=1629 outsize=772 ok=1
Cmd: compileSnippet
  api=4 type=0 insize=1156 outsize=1209 kw= pd= ok=1
Cmd: compileSnippet
  api=4 type=1 insize=1156 outsize=1591 kw= pd= ok=1
Cmd: preprocess
  insize=2211 outsize=728 ok=1
Cmd: compileSnippet
  api=4 type=0 insize=1784 outsize=1209 kw= pd= ok=1
Cmd: compileSnippet
  api=4 type=1 insize=1784 outsize=2631 kw= pd= ok=1
Cmd: preprocess
  insize=2257 outsize=725 ok=1
Cmd: compileSnippet
  api=4 type=0 insize=1833 outsize=1209 kw= pd= ok=1
Cmd: compileSnippet
  api=4 type=1 insize=1833 outsize=3719 kw= pd= ok=1
Cmd: compileSnippet
  api=5 type=0 insize=1020 outsize=1342 kw= pd=UNITY_NO_DXT5nm UNITY_NO_RGBM UNITY_NO_SCREENSPACE_SHADOWS UNITY_NO_LINEAR_COLORSPACE ok=1
Cmd: compileSnippet
  api=5 type=1 insize=1020 outsize=6 kw= pd=UNITY_NO_DXT5nm UNITY_NO_RGBM UNITY_NO_SCREENSPACE_SHADOWS UNITY_NO_LINEAR_COLORSPACE ok=1
Cmd: compileSnippet
  api=5 type=0 insize=1171 outsize=1374 kw= pd=UNITY_NO_DXT5nm UNITY_NO_RGBM UNITY_NO_SCREENSPACE_SHADOWS UNITY_NO_LINEAR_COLORSPACE ok=1
Cmd: compileSnippet
  api=5 type=1 insize=1171 outsize=6 kw= pd=UNITY_NO_DXT5nm UNITY_NO_RGBM UNITY_NO_SCREENSPACE_SHADOWS UNITY_NO_LINEAR_COLORSPACE ok=1
Cmd: compileSnippet
  api=5 type=0 insize=1627 outsize=2633 kw= pd=UNITY_NO_DXT5nm UNITY_NO_RGBM UNITY_NO_SCREENSPACE_SHADOWS UNITY_NO_LINEAR_COLORSPACE ok=1
Cmd: compileSnippet
  api=5 type=1 insize=1627 outsize=6 kw= pd=UNITY_NO_DXT5nm UNITY_NO_RGBM UNITY_NO_SCREENSPACE_SHADOWS UNITY_NO_LINEAR_COLORSPACE ok=1
Cmd: compileSnippet
  api=5 type=0 insize=2908 outsize=4870 kw= pd=UNITY_NO_DXT5nm UNITY_NO_RGBM UNITY_NO_SCREENSPACE_SHADOWS UNITY_NO_LINEAR_COLORSPACE ok=1
Cmd: compileSnippet
  api=5 type=1 insize=2908 outsize=6 kw= pd=UNITY_NO_DXT5nm UNITY_NO_RGBM UNITY_NO_SCREENSPACE_SHADOWS UNITY_NO_LINEAR_COLORSPACE ok=1
Cmd: compileSnippet
  api=5 type=0 insize=2357 outsize=2425 kw= pd=UNITY_NO_DXT5nm UNITY_NO_RGBM UNITY_NO_SCREENSPACE_SHADOWS UNITY_NO_LINEAR_COLORSPACE ok=1
Cmd: compileSnippet
  api=5 type=1 insize=2357 outsize=6 kw= pd=UNITY_NO_DXT5nm UNITY_NO_RGBM UNITY_NO_SCREENSPACE_SHADOWS UNITY_NO_LINEAR_COLORSPACE ok=1
Cmd: compileSnippet
  api=5 type=0 insize=2224 outsize=4865 kw= pd=UNITY_NO_DXT5nm UNITY_NO_RGBM UNITY_NO_SCREENSPACE_SHADOWS UNITY_NO_LINEAR_COLORSPACE ok=1
Cmd: compileSnippet
  api=5 type=1 insize=2224 outsize=6 kw= pd=UNITY_NO_DXT5nm UNITY_NO_RGBM UNITY_NO_SCREENSPACE_SHADOWS UNITY_NO_LINEAR_COLORSPACE ok=1
Cmd: compileSnippet
  api=5 type=0 insize=896 outsize=975 kw= pd=UNITY_NO_DXT5nm UNITY_NO_RGBM UNITY_NO_SCREENSPACE_SHADOWS UNITY_NO_LINEAR_COLORSPACE ok=1
Cmd: compileSnippet
  api=5 type=1 insize=896 outsize=6 kw= pd=UNITY_NO_DXT5nm UNITY_NO_RGBM UNITY_NO_SCREENSPACE_SHADOWS UNITY_NO_LINEAR_COLORSPACE ok=1
Cmd: compileSnippet
  api=5 type=0 insize=972 outsize=993 kw= pd=UNITY_NO_DXT5nm UNITY_NO_RGBM UNITY_NO_SCREENSPACE_SHADOWS UNITY_NO_LINEAR_COLORSPACE ok=1
Cmd: compileSnippet
  api=5 type=1 insize=972 outsize=6 kw= pd=UNITY_NO_DXT5nm UNITY_NO_RGBM UNITY_NO_SCREENSPACE_SHADOWS UNITY_NO_LINEAR_COLORSPACE ok=1
Cmd: compileSnippet
  api=5 type=0 insize=2700 outsize=4398 kw= pd=UNITY_NO_DXT5nm UNITY_NO_RGBM UNITY_NO_SCREENSPACE_SHADOWS UNITY_NO_LINEAR_COLORSPACE ok=1
Cmd: compileSnippet
  api=5 type=1 insize=2700 outsize=6 kw= pd=UNITY_NO_DXT5nm UNITY_NO_RGBM UNITY_NO_SCREENSPACE_SHADOWS UNITY_NO_LINEAR_COLORSPACE ok=1
Cmd: compileSnippet
  api=5 type=0 insize=938 outsize=1162 kw= pd=UNITY_NO_DXT5nm UNITY_NO_RGBM UNITY_NO_SCREENSPACE_SHADOWS UNITY_NO_LINEAR_COLORSPACE ok=1
Cmd: compileSnippet
  api=5 type=1 insize=938 outsize=6 kw= pd=UNITY_NO_DXT5nm UNITY_NO_RGBM UNITY_NO_SCREENSPACE_SHADOWS UNITY_NO_LINEAR_COLORSPACE ok=1
Cmd: compileSnippet
  api=5 type=0 insize=1699 outsize=1408 kw= pd=UNITY_NO_DXT5nm UNITY_NO_RGBM UNITY_NO_SCREENSPACE_SHADOWS UNITY_NO_LINEAR_COLORSPACE ok=1
Cmd: compileSnippet
  api=5 type=1 insize=1699 outsize=6 kw= pd=UNITY_NO_DXT5nm UNITY_NO_RGBM UNITY_NO_SCREENSPACE_SHADOWS UNITY_NO_LINEAR_COLORSPACE ok=1
Cmd: compileSnippet
  api=5 type=0 insize=1547 outsize=2425 kw= pd=UNITY_NO_DXT5nm UNITY_NO_RGBM UNITY_NO_SCREENSPACE_SHADOWS UNITY_NO_LINEAR_COLORSPACE ok=1
Cmd: compileSnippet
  api=5 type=1 insize=1547 outsize=6 kw= pd=UNITY_NO_DXT5nm UNITY_NO_RGBM UNITY_NO_SCREENSPACE_SHADOWS UNITY_NO_LINEAR_COLORSPACE ok=1
Cmd: compileSnippet
  api=5 type=0 insize=1232 outsize=1427 kw= pd=UNITY_NO_DXT5nm UNITY_NO_RGBM UNITY_NO_SCREENSPACE_SHADOWS UNITY_NO_LINEAR_COLORSPACE ok=1
Cmd: compileSnippet
  api=5 type=1 insize=1232 outsize=6 kw= pd=UNITY_NO_DXT5nm UNITY_NO_RGBM UNITY_NO_SCREENSPACE_SHADOWS UNITY_NO_LINEAR_COLORSPACE ok=1
Cmd: compileSnippet
  api=5 type=0 insize=1447 outsize=2041 kw= pd=UNITY_NO_DXT5nm UNITY_NO_RGBM UNITY_NO_SCREENSPACE_SHADOWS UNITY_NO_LINEAR_COLORSPACE ok=1
Cmd: compileSnippet
  api=5 type=1 insize=1447 outsize=6 kw= pd=UNITY_NO_DXT5nm UNITY_NO_RGBM UNITY_NO_SCREENSPACE_SHADOWS UNITY_NO_LINEAR_COLORSPACE ok=1
Cmd: compileSnippet
  api=5 type=0 insize=1675 outsize=3877 kw= pd=UNITY_NO_DXT5nm UNITY_NO_RGBM UNITY_NO_SCREENSPACE_SHADOWS UNITY_NO_LINEAR_COLORSPACE ok=1
Cmd: compileSnippet
  api=5 type=1 insize=1675 outsize=6 kw= pd=UNITY_NO_DXT5nm UNITY_NO_RGBM UNITY_NO_SCREENSPACE_SHADOWS UNITY_NO_LINEAR_COLORSPACE ok=1
Cmd: compileSnippet
  api=5 type=0 insize=1665 outsize=2186 kw= pd=UNITY_NO_DXT5nm UNITY_NO_RGBM UNITY_NO_SCREENSPACE_SHADOWS UNITY_NO_LINEAR_COLORSPACE ok=1
Cmd: compileSnippet
  api=5 type=1 insize=1665 outsize=6 kw= pd=UNITY_NO_DXT5nm UNITY_NO_RGBM UNITY_NO_SCREENSPACE_SHADOWS UNITY_NO_LINEAR_COLORSPACE ok=1
Cmd: compileSnippet
  api=5 type=0 insize=1469 outsize=1899 kw= pd=UNITY_NO_DXT5nm UNITY_NO_RGBM UNITY_NO_SCREENSPACE_SHADOWS UNITY_NO_LINEAR_COLORSPACE ok=1
Cmd: compileSnippet
  api=5 type=1 insize=1469 outsize=6 kw= pd=UNITY_NO_DXT5nm UNITY_NO_RGBM UNITY_NO_SCREENSPACE_SHADOWS UNITY_NO_LINEAR_COLORSPACE ok=1
Cmd: compileSnippet
  api=5 type=0 insize=1099 outsize=1181 kw= pd=UNITY_NO_DXT5nm UNITY_NO_RGBM UNITY_NO_SCREENSPACE_SHADOWS UNITY_NO_LINEAR_COLORSPACE ok=1
Cmd: compileSnippet
  api=5 type=1 insize=1099 outsize=6 kw= pd=UNITY_NO_DXT5nm UNITY_NO_RGBM UNITY_NO_SCREENSPACE_SHADOWS UNITY_NO_LINEAR_COLORSPACE ok=1
Cmd: compileSnippet
  api=5 type=0 insize=2392 outsize=7550 kw= pd=UNITY_NO_DXT5nm UNITY_NO_RGBM UNITY_NO_SCREENSPACE_SHADOWS UNITY_NO_LINEAR_COLORSPACE ok=1
Cmd: compileSnippet
  api=5 type=1 insize=2392 outsize=6 kw= pd=UNITY_NO_DXT5nm UNITY_NO_RGBM UNITY_NO_SCREENSPACE_SHADOWS UNITY_NO_LINEAR_COLORSPACE ok=1
Cmd: compileSnippet
  api=5 type=0 insize=992 outsize=1233 kw= pd=UNITY_NO_DXT5nm UNITY_NO_RGBM UNITY_NO_SCREENSPACE_SHADOWS UNITY_NO_LINEAR_COLORSPACE ok=1
Cmd: compileSnippet
  api=5 type=1 insize=992 outsize=6 kw= pd=UNITY_NO_DXT5nm UNITY_NO_RGBM UNITY_NO_SCREENSPACE_SHADOWS UNITY_NO_LINEAR_COLORSPACE ok=1
Cmd: compileSnippet
  api=5 type=0 insize=2225 outsize=4872 kw= pd=UNITY_NO_DXT5nm UNITY_NO_RGBM UNITY_NO_SCREENSPACE_SHADOWS UNITY_NO_LINEAR_COLORSPACE ok=1
Cmd: compileSnippet
  api=5 type=1 insize=2225 outsize=6 kw= pd=UNITY_NO_DXT5nm UNITY_NO_RGBM UNITY_NO_SCREENSPACE_SHADOWS UNITY_NO_LINEAR_COLORSPACE ok=1
Cmd: compileSnippet
  api=5 type=0 insize=1822 outsize=2329 kw= pd=UNITY_NO_DXT5nm UNITY_NO_RGBM UNITY_NO_SCREENSPACE_SHADOWS UNITY_NO_LINEAR_COLORSPACE ok=1
Cmd: compileSnippet
  api=5 type=1 insize=1822 outsize=6 kw= pd=UNITY_NO_DXT5nm UNITY_NO_RGBM UNITY_NO_SCREENSPACE_SHADOWS UNITY_NO_LINEAR_COLORSPACE ok=1
Cmd: compileSnippet
  api=5 type=0 insize=1047 outsize=1184 kw= pd=UNITY_NO_DXT5nm UNITY_NO_RGBM UNITY_NO_SCREENSPACE_SHADOWS UNITY_NO_LINEAR_COLORSPACE ok=1
Cmd: compileSnippet
  api=5 type=1 insize=1047 outsize=6 kw= pd=UNITY_NO_DXT5nm UNITY_NO_RGBM UNITY_NO_SCREENSPACE_SHADOWS UNITY_NO_LINEAR_COLORSPACE ok=1
Cmd: compileSnippet
  api=5 type=0 insize=1338 outsize=1948 kw= pd=UNITY_NO_DXT5nm UNITY_NO_RGBM UNITY_NO_SCREENSPACE_SHADOWS UNITY_NO_LINEAR_COLORSPACE ok=1
Cmd: compileSnippet
  api=5 type=1 insize=1338 outsize=6 kw= pd=UNITY_NO_DXT5nm UNITY_NO_RGBM UNITY_NO_SCREENSPACE_SHADOWS UNITY_NO_LINEAR_COLORSPACE ok=1
Cmd: compileSnippet
  api=5 type=0 insize=1608 outsize=1340 kw= pd=UNITY_NO_DXT5nm UNITY_NO_RGBM UNITY_NO_SCREENSPACE_SHADOWS UNITY_NO_LINEAR_COLORSPACE ok=1
Cmd: compileSnippet
  api=5 type=1 insize=1608 outsize=6 kw= pd=UNITY_NO_DXT5nm UNITY_NO_RGBM UNITY_NO_SCREENSPACE_SHADOWS UNITY_NO_LINEAR_COLORSPACE ok=1
Cmd: compileSnippet
  api=5 type=0 insize=1513 outsize=2099 kw= pd=UNITY_NO_DXT5nm UNITY_NO_RGBM UNITY_NO_SCREENSPACE_SHADOWS UNITY_NO_LINEAR_COLORSPACE ok=1
Cmd: compileSnippet
  api=5 type=1 insize=1513 outsize=6 kw= pd=UNITY_NO_DXT5nm UNITY_NO_RGBM UNITY_NO_SCREENSPACE_SHADOWS UNITY_NO_LINEAR_COLORSPACE ok=1
Cmd: compileSnippet
  api=5 type=0 insize=1110 outsize=1232 kw= pd=UNITY_NO_DXT5nm UNITY_NO_RGBM UNITY_NO_SCREENSPACE_SHADOWS UNITY_NO_LINEAR_COLORSPACE ok=1
Cmd: compileSnippet
  api=5 type=1 insize=1110 outsize=6 kw= pd=UNITY_NO_DXT5nm UNITY_NO_RGBM UNITY_NO_SCREENSPACE_SHADOWS UNITY_NO_LINEAR_COLORSPACE ok=1
Cmd: compileSnippet
  api=5 type=0 insize=1410 outsize=1790 kw= pd=UNITY_NO_DXT5nm UNITY_NO_RGBM UNITY_NO_SCREENSPACE_SHADOWS UNITY_NO_LINEAR_COLORSPACE ok=1
Cmd: compileSnippet
  api=5 type=1 insize=1410 outsize=6 kw= pd=UNITY_NO_DXT5nm UNITY_NO_RGBM UNITY_NO_SCREENSPACE_SHADOWS UNITY_NO_LINEAR_COLORSPACE ok=1
Cmd: compileSnippet
  api=5 type=0 insize=993 outsize=1121 kw= pd=UNITY_NO_DXT5nm UNITY_NO_RGBM UNITY_NO_SCREENSPACE_SHADOWS UNITY_NO_LINEAR_COLORSPACE ok=1
Cmd: compileSnippet
  api=5 type=1 insize=993 outsize=6 kw= pd=UNITY_NO_DXT5nm UNITY_NO_RGBM UNITY_NO_SCREENSPACE_SHADOWS UNITY_NO_LINEAR_COLORSPACE ok=1
Cmd: compileSnippet
  api=5 type=0 insize=1671 outsize=3950 kw= pd=UNITY_NO_DXT5nm UNITY_NO_RGBM UNITY_NO_SCREENSPACE_SHADOWS UNITY_NO_LINEAR_COLORSPACE ok=1
Cmd: compileSnippet
  api=5 type=1 insize=1671 outsize=6 kw= pd=UNITY_NO_DXT5nm UNITY_NO_RGBM UNITY_NO_SCREENSPACE_SHADOWS UNITY_NO_LINEAR_COLORSPACE ok=1
Cmd: compileSnippet
  api=5 type=0 insize=1015 outsize=1050 kw= pd=UNITY_NO_DXT5nm UNITY_NO_RGBM UNITY_NO_SCREENSPACE_SHADOWS UNITY_NO_LINEAR_COLORSPACE ok=1
Cmd: compileSnippet
  api=5 type=1 insize=1015 outsize=6 kw= pd=UNITY_NO_DXT5nm UNITY_NO_RGBM UNITY_NO_SCREENSPACE_SHADOWS UNITY_NO_LINEAR_COLORSPACE ok=1
Cmd: compileSnippet
  api=5 type=0 insize=1861 outsize=3945 kw= pd=UNITY_NO_DXT5nm UNITY_NO_RGBM UNITY_NO_SCREENSPACE_SHADOWS UNITY_NO_LINEAR_COLORSPACE ok=1
Cmd: compileSnippet
  api=5 type=1 insize=1861 outsize=6 kw= pd=UNITY_NO_DXT5nm UNITY_NO_RGBM UNITY_NO_SCREENSPACE_SHADOWS UNITY_NO_LINEAR_COLORSPACE ok=1
Cmd: compileSnippet
  api=5 type=0 insize=924 outsize=936 kw= pd=UNITY_NO_DXT5nm UNITY_NO_RGBM UNITY_NO_SCREENSPACE_SHADOWS UNITY_NO_LINEAR_COLORSPACE ok=1
Cmd: compileSnippet
  api=5 type=1 insize=924 outsize=6 kw= pd=UNITY_NO_DXT5nm UNITY_NO_RGBM UNITY_NO_SCREENSPACE_SHADOWS UNITY_NO_LINEAR_COLORSPACE ok=1
Cmd: compileSnippet
  api=5 type=0 insize=1827 outsize=2801 kw= pd=UNITY_NO_DXT5nm UNITY_NO_RGBM UNITY_NO_SCREENSPACE_SHADOWS UNITY_NO_LINEAR_COLORSPACE ok=1
Cmd: compileSnippet
  api=5 type=1 insize=1827 outsize=6 kw= pd=UNITY_NO_DXT5nm UNITY_NO_RGBM UNITY_NO_SCREENSPACE_SHADOWS UNITY_NO_LINEAR_COLORSPACE ok=1
Cmd: compileSnippet
  api=5 type=0 insize=1225 outsize=2143 kw= pd=UNITY_NO_DXT5nm UNITY_NO_RGBM UNITY_NO_SCREENSPACE_SHADOWS UNITY_NO_LINEAR_COLORSPACE ok=1
Cmd: compileSnippet
  api=5 type=1 insize=1225 outsize=6 kw= pd=UNITY_NO_DXT5nm UNITY_NO_RGBM UNITY_NO_SCREENSPACE_SHADOWS UNITY_NO_LINEAR_COLORSPACE ok=1
Cmd: compileSnippet
  api=5 type=0 insize=1765 outsize=2738 kw= pd=UNITY_NO_DXT5nm UNITY_NO_RGBM UNITY_NO_SCREENSPACE_SHADOWS UNITY_NO_LINEAR_COLORSPACE ok=1
Cmd: compileSnippet
  api=5 type=1 insize=1765 outsize=6 kw= pd=UNITY_NO_DXT5nm UNITY_NO_RGBM UNITY_NO_SCREENSPACE_SHADOWS UNITY_NO_LINEAR_COLORSPACE ok=1
Cmd: compileSnippet
  api=5 type=0 insize=1041 outsize=1329 kw= pd=UNITY_NO_DXT5nm UNITY_NO_RGBM UNITY_NO_SCREENSPACE_SHADOWS UNITY_NO_LINEAR_COLORSPACE ok=1
Cmd: compileSnippet
  api=5 type=1 insize=1041 outsize=6 kw= pd=UNITY_NO_DXT5nm UNITY_NO_RGBM UNITY_NO_SCREENSPACE_SHADOWS UNITY_NO_LINEAR_COLORSPACE ok=1
Cmd: compileSnippet
  api=5 type=0 insize=1598 outsize=2350 kw= pd=UNITY_NO_DXT5nm UNITY_NO_RGBM UNITY_NO_SCREENSPACE_SHADOWS UNITY_NO_LINEAR_COLORSPACE ok=1
Cmd: compileSnippet
  api=5 type=1 insize=1598 outsize=6 kw= pd=UNITY_NO_DXT5nm UNITY_NO_RGBM UNITY_NO_SCREENSPACE_SHADOWS UNITY_NO_LINEAR_COLORSPACE ok=1
Cmd: compileSnippet
  api=5 type=0 insize=1916 outsize=3709 kw= pd=UNITY_NO_DXT5nm UNITY_NO_RGBM UNITY_NO_SCREENSPACE_SHADOWS UNITY_NO_LINEAR_COLORSPACE ok=1
Cmd: compileSnippet
  api=5 type=1 insize=1916 outsize=6 kw= pd=UNITY_NO_DXT5nm UNITY_NO_RGBM UNITY_NO_SCREENSPACE_SHADOWS UNITY_NO_LINEAR_COLORSPACE ok=1
Cmd: compileSnippet
  api=5 type=0 insize=1507 outsize=3575 kw= pd=UNITY_NO_DXT5nm UNITY_NO_RGBM UNITY_NO_SCREENSPACE_SHADOWS UNITY_NO_LINEAR_COLORSPACE ok=1
Cmd: compileSnippet
  api=5 type=1 insize=1507 outsize=6 kw= pd=UNITY_NO_DXT5nm UNITY_NO_RGBM UNITY_NO_SCREENSPACE_SHADOWS UNITY_NO_LINEAR_COLORSPACE ok=1
Cmd: compileSnippet
  api=5 type=0 insize=1742 outsize=2086 kw= pd=UNITY_NO_DXT5nm UNITY_NO_RGBM UNITY_NO_SCREENSPACE_SHADOWS UNITY_NO_LINEAR_COLORSPACE ok=1
Cmd: compileSnippet
  api=5 type=1 insize=1742 outsize=6 kw= pd=UNITY_NO_DXT5nm UNITY_NO_RGBM UNITY_NO_SCREENSPACE_SHADOWS UNITY_NO_LINEAR_COLORSPACE ok=1
Cmd: compileSnippet
  api=5 type=0 insize=1143 outsize=1408 kw= pd=UNITY_NO_DXT5nm UNITY_NO_RGBM UNITY_NO_SCREENSPACE_SHADOWS UNITY_NO_LINEAR_COLORSPACE ok=1
Cmd: compileSnippet
  api=9 type=1 insize=1143 outsize=7 kw= pd=UNITY_NO_DXT5nm UNITY_NO_RGBM UNITY_NO_SCREENSPACE_SHADOWS UNITY_NO_LINEAR_COLORSPACE ok=1
Cmd: compileSnippet
  api=5 type=0 insize=1593 outsize=2282 kw= pd=UNITY_NO_DXT5nm UNITY_NO_RGBM UNITY_NO_SCREENSPACE_SHADOWS UNITY_NO_LINEAR_COLORSPACE ok=1
Cmd: compileSnippet
  api=5 type=1 insize=1593 outsize=6 kw= pd=UNITY_NO_DXT5nm UNITY_NO_RGBM UNITY_NO_SCREENSPACE_SHADOWS UNITY_NO_LINEAR_COLORSPACE ok=1
Cmd: compileSnippet
  api=5 type=0 insize=1933 outsize=3112 kw= pd=UNITY_NO_DXT5nm UNITY_NO_RGBM UNITY_NO_SCREENSPACE_SHADOWS UNITY_NO_LINEAR_COLORSPACE ok=1
Cmd: compileSnippet
  api=5 type=1 insize=1933 outsize=6 kw= pd=UNITY_NO_DXT5nm UNITY_NO_RGBM UNITY_NO_SCREENSPACE_SHADOWS UNITY_NO_LINEAR_COLORSPACE ok=1
Cmd: compileSnippet
  api=5 type=0 insize=1519 outsize=1799 kw= pd=UNITY_NO_DXT5nm UNITY_NO_RGBM UNITY_NO_SCREENSPACE_SHADOWS UNITY_NO_LINEAR_COLORSPACE ok=1
Cmd: compileSnippet
  api=5 type=1 insize=1519 outsize=6 kw= pd=UNITY_NO_DXT5nm UNITY_NO_RGBM UNITY_NO_SCREENSPACE_SHADOWS UNITY_NO_LINEAR_COLORSPACE ok=1
Cmd: compileSnippet
  api=5 type=0 insize=1616 outsize=2085 kw= pd=UNITY_NO_DXT5nm UNITY_NO_RGBM UNITY_NO_SCREENSPACE_SHADOWS UNITY_NO_LINEAR_COLORSPACE ok=1
Cmd: compileSnippet
  api=5 type=1 insize=1616 outsize=6 kw= pd=UNITY_NO_DXT5nm UNITY_NO_RGBM UNITY_NO_SCREENSPACE_SHADOWS UNITY_NO_LINEAR_COLORSPACE ok=1
Cmd: compileSnippet
  api=5 type=0 insize=1610 outsize=2684 kw= pd=UNITY_NO_DXT5nm UNITY_NO_RGBM UNITY_NO_SCREENSPACE_SHADOWS UNITY_NO_LINEAR_COLORSPACE ok=1
Cmd: compileSnippet
  api=5 type=1 insize=1610 outsize=6 kw= pd=UNITY_NO_DXT5nm UNITY_NO_RGBM UNITY_NO_SCREENSPACE_SHADOWS UNITY_NO_LINEAR_COLORSPACE ok=1
Cmd: compileSnippet
  api=5 type=0 insize=1618 outsize=2418 kw= pd=UNITY_NO_DXT5nm UNITY_NO_RGBM UNITY_NO_SCREENSPACE_SHADOWS UNITY_NO_LINEAR_COLORSPACE ok=1
Cmd: compileSnippet
  api=5 type=1 insize=1618 outsize=6 kw= pd=UNITY_NO_DXT5nm UNITY_NO_RGBM UNITY_NO_SCREENSPACE_SHADOWS UNITY_NO_LINEAR_COLORSPACE ok=1
Cmd: compileSnippet
  api=5 type=0 insize=1772 outsize=4256 kw= pd=UNITY_NO_DXT5nm UNITY_NO_RGBM UNITY_NO_SCREENSPACE_SHADOWS UNITY_NO_LINEAR_COLORSPACE ok=1
Cmd: compileSnippet
  api=5 type=1 insize=1772 outsize=6 kw= pd=UNITY_NO_DXT5nm UNITY_NO_RGBM UNITY_NO_SCREENSPACE_SHADOWS UNITY_NO_LINEAR_COLORSPACE ok=1
Cmd: compileSnippet
  api=5 type=0 insize=1926 outsize=3606 kw= pd=UNITY_NO_DXT5nm UNITY_NO_RGBM UNITY_NO_SCREENSPACE_SHADOWS UNITY_NO_LINEAR_COLORSPACE ok=1
Cmd: compileSnippet
  api=5 type=1 insize=1926 outsize=6 kw= pd=UNITY_NO_DXT5nm UNITY_NO_RGBM UNITY_NO_SCREENSPACE_SHADOWS UNITY_NO_LINEAR_COLORSPACE ok=1
Cmd: compileSnippet
  api=5 type=0 insize=1357 outsize=1803 kw= pd=UNITY_NO_DXT5nm UNITY_NO_RGBM UNITY_NO_SCREENSPACE_SHADOWS UNITY_NO_LINEAR_COLORSPACE ok=1
Cmd: compileSnippet
  api=5 type=1 insize=1357 outsize=6 kw= pd=UNITY_NO_DXT5nm UNITY_NO_RGBM UNITY_NO_SCREENSPACE_SHADOWS UNITY_NO_LINEAR_COLORSPACE ok=1
Cmd: compileSnippet
  api=5 type=0 insize=1476 outsize=2218 kw= pd=UNITY_NO_DXT5nm UNITY_NO_RGBM UNITY_NO_SCREENSPACE_SHADOWS UNITY_NO_LINEAR_COLORSPACE ok=1
Cmd: compileSnippet
  api=5 type=1 insize=1476 outsize=6 kw= pd=UNITY_NO_DXT5nm UNITY_NO_RGBM UNITY_NO_SCREENSPACE_SHADOWS UNITY_NO_LINEAR_COLORSPACE ok=1
Cmd: compileSnippet
  api=5 type=0 insize=1122 outsize=1274 kw= pd=UNITY_NO_DXT5nm UNITY_NO_RGBM UNITY_NO_SCREENSPACE_SHADOWS UNITY_NO_LINEAR_COLORSPACE ok=1
Cmd: compileSnippet
  api=5 type=1 insize=1122 outsize=6 kw= pd=UNITY_NO_DXT5nm UNITY_NO_RGBM UNITY_NO_SCREENSPACE_SHADOWS UNITY_NO_LINEAR_COLORSPACE ok=1
Cmd: compileSnippet
  api=5 type=0 insize=1967 outsize=3218 kw= pd=UNITY_NO_DXT5nm UNITY_NO_RGBM UNITY_NO_SCREENSPACE_SHADOWS UNITY_NO_LINEAR_COLORSPACE ok=1
Cmd: compileSnippet
  api=5 type=1 insize=1967 outsize=6 kw= pd=UNITY_NO_DXT5nm UNITY_NO_RGBM UNITY_NO_SCREENSPACE_SHADOWS UNITY_NO_LINEAR_COLORSPACE ok=1
Cmd: compileSnippet
  api=5 type=0 insize=1961 outsize=3834 kw= pd=UNITY_NO_DXT5nm UNITY_NO_RGBM UNITY_NO_SCREENSPACE_SHADOWS UNITY_NO_LINEAR_COLORSPACE ok=1
Cmd: compileSnippet
  api=5 type=1 insize=1961 outsize=6 kw= pd=UNITY_NO_DXT5nm UNITY_NO_RGBM UNITY_NO_SCREENSPACE_SHADOWS UNITY_NO_LINEAR_COLORSPACE ok=1
Cmd: compileSnippet
  api=5 type=0 insize=2663 outsize=3659 kw= pd=UNITY_NO_DXT5nm UNITY_NO_RGBM UNITY_NO_SCREENSPACE_SHADOWS UNITY_NO_LINEAR_COLORSPACE ok=1
Cmd: compileSnippet
  api=5 type=1 insize=2663 outsize=6 kw= pd=UNITY_NO_DXT5nm UNITY_NO_RGBM UNITY_NO_SCREENSPACE_SHADOWS UNITY_NO_LINEAR_COLORSPACE ok=1
Cmd: compileSnippet
  api=5 type=0 insize=2680 outsize=4297 kw= pd=UNITY_NO_DXT5nm UNITY_NO_RGBM UNITY_NO_SCREENSPACE_SHADOWS UNITY_NO_LINEAR_COLORSPACE ok=1
Cmd: compileSnippet
  api=5 type=1 insize=2680 outsize=6 kw= pd=UNITY_NO_DXT5nm UNITY_NO_RGBM UNITY_NO_SCREENSPACE_SHADOWS UNITY_NO_LINEAR_COLORSPACE ok=1
Cmd: compileSnippet
  api=5 type=0 insize=1501 outsize=3555 kw= pd=UNITY_NO_DXT5nm UNITY_NO_RGBM UNITY_NO_SCREENSPACE_SHADOWS UNITY_NO_LINEAR_COLORSPACE ok=1
Cmd: compileSnippet
  api=5 type=1 insize=1501 outsize=6 kw= pd=UNITY_NO_DXT5nm UNITY_NO_RGBM UNITY_NO_SCREENSPACE_SHADOWS UNITY_NO_LINEAR_COLORSPACE ok=1
Cmd: compileSnippet
  api=5 type=0 insize=2925 outsize=11618 kw= pd=UNITY_NO_DXT5nm UNITY_NO_RGBM UNITY_NO_SCREENSPACE_SHADOWS UNITY_NO_LINEAR_COLORSPACE ok=1
Cmd: compileSnippet
  api=9 type=1 insize=2925 outsize=7 kw= pd=UNITY_NO_DXT5nm UNITY_NO_RGBM UNITY_NO_SCREENSPACE_SHADOWS UNITY_NO_LINEAR_COLORSPACE ok=1
Cmd: compileSnippet
  api=5 type=0 insize=2705 outsize=3752 kw= pd=UNITY_NO_DXT5nm UNITY_NO_RGBM UNITY_NO_SCREENSPACE_SHADOWS UNITY_NO_LINEAR_COLORSPACE ok=1
Cmd: compileSnippet
  api=5 type=1 insize=2705 outsize=6 kw= pd=UNITY_NO_DXT5nm UNITY_NO_RGBM UNITY_NO_SCREENSPACE_SHADOWS UNITY_NO_LINEAR_COLORSPACE ok=1
Cmd: compileSnippet
  api=5 type=0 insize=2665 outsize=3662 kw= pd=UNITY_NO_DXT5nm UNITY_NO_RGBM UNITY_NO_SCREENSPACE_SHADOWS UNITY_NO_LINEAR_COLORSPACE ok=1
Cmd: compileSnippet
  api=5 type=1 insize=2665 outsize=6 kw= pd=UNITY_NO_DXT5nm UNITY_NO_RGBM UNITY_NO_SCREENSPACE_SHADOWS UNITY_NO_LINEAR_COLORSPACE ok=1
Cmd: compileSnippet
  api=5 type=0 insize=1156 outsize=1339 kw= pd=UNITY_NO_DXT5nm UNITY_NO_RGBM UNITY_NO_SCREENSPACE_SHADOWS UNITY_NO_LINEAR_COLORSPACE ok=1
Cmd: compileSnippet
  api=5 type=1 insize=1156 outsize=6 kw= pd=UNITY_NO_DXT5nm UNITY_NO_RGBM UNITY_NO_SCREENSPACE_SHADOWS UNITY_NO_LINEAR_COLORSPACE ok=1
Cmd: compileSnippet
  api=5 type=0 insize=1784 outsize=2399 kw= pd=UNITY_NO_DXT5nm UNITY_NO_RGBM UNITY_NO_SCREENSPACE_SHADOWS UNITY_NO_LINEAR_COLORSPACE ok=1
Cmd: compileSnippet
  api=5 type=1 insize=1784 outsize=6 kw= pd=UNITY_NO_DXT5nm UNITY_NO_RGBM UNITY_NO_SCREENSPACE_SHADOWS UNITY_NO_LINEAR_COLORSPACE ok=1
Cmd: compileSnippet
  api=5 type=0 insize=1833 outsize=3420 kw= pd=UNITY_NO_DXT5nm UNITY_NO_RGBM UNITY_NO_SCREENSPACE_SHADOWS UNITY_NO_LINEAR_COLORSPACE ok=1
Cmd: compileSnippet
  api=5 type=1 insize=1833 outsize=6 kw= pd=UNITY_NO_DXT5nm UNITY_NO_RGBM UNITY_NO_SCREENSPACE_SHADOWS UNITY_NO_LINEAR_COLORSPACE ok=1
